============================= test session starts ==============================
platform linux -- Python 3.13.7, pytest-8.4.2, pluggy-1.6.0
benchmark: 5.2.1 (defaults: timer=time.perf_counter disable_gc=False min_rounds=5 min_time=0.000005 max_time=1.0 calibration_precision=10 warmup=False warmup_iterations=100000)
rootdir: /home/aperiax/School/SVK/quicksort
plugins: benchmark-5.2.1
collected 3 items

test_py.py ...                                                           [100%]


------------------------------------------------------------------------------------------------- benchmark: 3 tests ------------------------------------------------------------------------------------------------
Name (time in ms)                          Min                    Max                   Mean              StdDev                 Median                 IQR            Outliers     OPS            Rounds  Iterations
---------------------------------------------------------------------------------------------------------------------------------------------------------------------------------------------------------------------
test_quicksort_bench[100000]          251.9428 (1.0)         258.7999 (1.0)         255.3567 (1.0)        2.7564 (1.0)         255.9702 (1.0)        4.3762 (1.0)           2;0  3.9161 (1.0)           5           1
test_quicksort_bench[1000000]       3,339.9199 (13.26)     3,509.4822 (13.56)     3,406.5475 (13.34)     62.3808 (22.63)     3,397.1477 (13.27)     51.8958 (11.86)         2;1  0.2936 (0.07)          5           1
test_quicksort_bench[10000000]     42,448.8439 (168.49)   43,360.7032 (167.55)   42,732.3948 (167.34)   370.1025 (134.27)   42,639.6097 (166.58)   418.8150 (95.70)         1;0  0.0234 (0.01)          5           1
---------------------------------------------------------------------------------------------------------------------------------------------------------------------------------------------------------------------

Legend:
  Outliers: 1 Standard Deviation from Mean; 1.5 IQR (InterQuartile Range) from 1st Quartile and 3rd Quartile.
  OPS: Operations Per Second, computed as 1 / Mean
======================== 3 passed in 325.74s (0:05:25) =========================
