============================= test session starts ==============================
platform linux -- Python 3.13.7, pytest-8.4.2, pluggy-1.6.0
benchmark: 5.2.1 (defaults: timer=time.perf_counter disable_gc=False min_rounds=5 min_time=0.000005 max_time=1.0 calibration_precision=10 warmup=False warmup_iterations=100000)
rootdir: /home/aperiax/School/SVK/bfs
plugins: benchmark-5.2.1
collected 6 items

test_py.py ......                                                        [100%]


----------------------------------------------------------------------------------------------------------------- benchmark: 6 tests ----------------------------------------------------------------------------------------------------------------
Name (time in us)                                     Min                       Max                      Mean                 StdDev                    Median                    IQR            Outliers           OPS            Rounds  Iterations
-----------------------------------------------------------------------------------------------------------------------------------------------------------------------------------------------------------------------------------------------------
test_bfs_benchmark[100]                            3.2960 (1.0)            135.8120 (1.0)              3.5551 (1.0)           0.7470 (1.0)              3.4940 (1.0)           0.0890 (1.0)     1287;3135  281,282.3942 (1.0)       61920           1
test_graph_generation_benchmark[100]             214.4440 (65.06)          291.3270 (2.15)           225.1502 (63.33)        11.9926 (16.05)          221.5815 (63.42)         8.6345 (97.01)       19;16    4,441.4799 (0.02)        192           1
test_bfs_benchmark[1000]                         411.6790 (124.90)         638.2350 (4.70)           427.7101 (120.31)       22.6557 (30.33)          420.7285 (120.41)        9.6940 (108.92)    153;205    2,338.0322 (0.01)       1960           1
test_bfs_benchmark[10000]                     15,831.8690 (>1000.0)     20,111.3190 (148.08)      17,477.6554 (>1000.0)     907.8615 (>1000.0)     17,327.4450 (>1000.0)   1,258.9140 (>1000.0)      18;1       57.2159 (0.00)         60           1
test_graph_generation_benchmark[1000]         35,857.3470 (>1000.0)     37,285.1320 (274.53)      36,334.6348 (>1000.0)     308.4401 (412.92)      36,303.7180 (>1000.0)     267.1365 (>1000.0)       8;1       27.5219 (0.00)         28           1
test_graph_generation_benchmark[10000]     3,994,248.3960 (>1000.0)  4,144,857.5800 (>1000.0)  4,061,555.2016 (>1000.0)  61,223.9837 (>1000.0)  4,049,489.8450 (>1000.0)  99,231.9662 (>1000.0)       2;0        0.2462 (0.00)          5           1
-----------------------------------------------------------------------------------------------------------------------------------------------------------------------------------------------------------------------------------------------------

Legend:
  Outliers: 1 Standard Deviation from Mean; 1.5 IQR (InterQuartile Range) from 1st Quartile and 3rd Quartile.
  OPS: Operations Per Second, computed as 1 / Mean
============================== 6 passed in 33.85s ==============================
