============================= test session starts ==============================
platform linux -- Python 3.13.7, pytest-8.4.2, pluggy-1.6.0
benchmark: 5.2.1 (defaults: timer=time.perf_counter disable_gc=False min_rounds=5 min_time=0.000005 max_time=1.0 calibration_precision=10 warmup=False warmup_iterations=100000)
rootdir: /home/aperiax/School/SVK/matmul
plugins: benchmark-5.2.1
collected 3 items

test_py.py ...                                                           [100%]


---------------------------------------------------------------------------------------------------------------- benchmark: 3 tests ----------------------------------------------------------------------------------------------------------------
Name (time in us)                           Min                         Max                       Mean                    StdDev                     Median                       IQR            Outliers          OPS            Rounds  Iterations
----------------------------------------------------------------------------------------------------------------------------------------------------------------------------------------------------------------------------------------------------
test_matmul_benchmark[10]               49.0660 (1.0)              236.1060 (1.0)              54.0313 (1.0)              7.7134 (1.0)              52.9330 (1.0)              1.8085 (1.0)      364;1255  18,507.8048 (1.0)       13840           1
test_matmul_benchmark[100]          66,322.2680 (>1000.0)       69,565.7650 (294.64)       68,047.8489 (>1000.0)        836.9735 (108.51)       68,058.1390 (>1000.0)        967.1835 (534.80)        5;0      14.6955 (0.00)         15           1
test_matmul_benchmark[1000]     87,416,928.1150 (>1000.0)  100,849,401.5050 (>1000.0)  91,195,292.5834 (>1000.0)  5,465,263.6924 (>1000.0)  89,261,424.5940 (>1000.0)  4,100,225.3302 (>1000.0)       1;1       0.0110 (0.00)          5           1
----------------------------------------------------------------------------------------------------------------------------------------------------------------------------------------------------------------------------------------------------

Legend:
  Outliers: 1 Standard Deviation from Mean; 1.5 IQR (InterQuartile Range) from 1st Quartile and 3rd Quartile.
  OPS: Operations Per Second, computed as 1 / Mean
======================== 3 passed in 654.89s (0:10:54) =========================
