============================= test session starts ==============================
platform linux -- Python 3.13.7, pytest-8.4.2, pluggy-1.6.0
benchmark: 5.2.1 (defaults: timer=time.perf_counter disable_gc=False min_rounds=5 min_time=0.000005 max_time=1.0 calibration_precision=10 warmup=False warmup_iterations=100000)
rootdir: /home/aperiax/School/SVK/map_reduce
plugins: benchmark-5.2.1
collected 4 items

test_py.py ....                                                          [100%]


-------------------------------------------------------------------------------------------------- benchmark: 4 tests -------------------------------------------------------------------------------------------------
Name (time in us)                 Min                     Max                    Mean                StdDev                  Median                   IQR            Outliers         OPS            Rounds  Iterations
-----------------------------------------------------------------------------------------------------------------------------------------------------------------------------------------------------------------------
test_mprdc[10000]            206.8590 (1.0)          587.1680 (1.0)          221.5737 (1.0)         16.3865 (1.0)          218.5580 (1.0)          5.8088 (1.0)       167;383  4,513.1705 (1.0)        4067           1
test_mprdc[100000]         2,103.4460 (10.17)      3,198.0510 (5.45)       2,251.8871 (10.16)      133.5418 (8.15)       2,208.8790 (10.11)       85.3093 (14.69)       44;37    444.0720 (0.10)        447           1
test_mprdc[1000000]       21,732.5950 (105.06)    25,010.9080 (42.60)     22,536.0071 (101.71)     779.8954 (47.59)     22,378.3725 (102.39)     530.7880 (91.38)         6;5     44.3734 (0.01)         46           1
test_mprdc[10000000]     229,497.8750 (>1000.0)  243,604.8970 (414.88)   236,225.9724 (>1000.0)  5,388.8434 (328.86)   237,516.8300 (>1000.0)  7,335.0020 (>1000.0)       2;0      4.2332 (0.00)          5           1
-----------------------------------------------------------------------------------------------------------------------------------------------------------------------------------------------------------------------

Legend:
  Outliers: 1 Standard Deviation from Mean; 1.5 IQR (InterQuartile Range) from 1st Quartile and 3rd Quartile.
  OPS: Operations Per Second, computed as 1 / Mean
============================== 4 passed in 7.82s ===============================
